<?xml version="1.0" encoding="utf-8"?><testsuites name="pytest tests"><testsuite name="pytest" errors="0" failures="0" skipped="0" tests="10" time="3.588" timestamp="2026-02-20T09:24:43.064513+00:00" hostname="agent-env-99016ed2-44a5-4ffc-a1d2-a0043d16e87b"><testcase classname="backend.tests.test_technician_availability.TestWeeklyDataGeneration" name="test_generate_weekly_data_creates_availability" time="0.374" /><testcase classname="backend.tests.test_technician_availability.TestWeeklyDataGeneration" name="test_weekly_summary_includes_available_technicians_count" time="0.229" /><testcase classname="backend.tests.test_technician_availability.TestAvailabilityByDateEndpoint" name="test_availability_by_date_returns_correct_format" time="0.584" /><testcase classname="backend.tests.test_technician_availability.TestAvailabilityByDateEndpoint" name="test_each_technician_has_different_shifts" time="0.327" /><testcase classname="backend.tests.test_technician_availability.TestWeekdayVsWeekendAvailability" name="test_fewer_technicians_on_weekends" time="0.219" /><testcase classname="backend.tests.test_technician_availability.TestToggleAvailability" name="test_toggle_technician_availability" time="0.646" /><testcase classname="backend.tests.test_technician_availability.TestToggleAvailability" name="test_toggle_returns_404_for_invalid_id" time="0.239" /><testcase classname="backend.tests.test_technician_availability.TestWeeklyAvailabilityEndpoint" name="test_weekly_availability_returns_all_days" time="0.230" /><testcase classname="backend.tests.test_technician_availability.TestShiftInformation" name="test_availability_records_have_shift_details" time="0.372" /><testcase classname="backend.tests.test_technician_availability.TestShiftInformation" name="test_different_dates_can_have_different_shifts" time="0.237" /></testsuite></testsuites>